<?xml version="1.0" encoding="UTF-8"?>
<testsuite xmlns:xsi="http://www.w3.org/2001/XMLSchema-instance" xsi:noNamespaceSchemaLocation="https://maven.apache.org/surefire/maven-surefire-plugin/xsd/surefire-test-report-3.0.xsd" version="3.0" name="org.dreamhorizon.pulses3archiver.mapper.MetricsOtlpMapperTest" time="0.026" tests="5" errors="0" skipped="0" failures="0">
  <properties>
[...]
</properties>
  <testcase name="shouldFanOutSummaryIntoSummaryTable" classname="org.dreamhorizon.pulses3archiver.mapper.MetricsOtlpMapperTest" time="0.014"/>
  <testcase name="shouldReturnEmptyListsForNullRequest" classname="org.dreamhorizon.pulses3archiver.mapper.MetricsOtlpMapperTest" time="0.001"/>
  <testcase name="shouldFanOutSumIntoSumTable" classname="org.dreamhorizon.pulses3archiver.mapper.MetricsOtlpMapperTest" time="0.002"/>
  <testcase name="shouldPopulateCommonMaterializedColumns" classname="org.dreamhorizon.pulses3archiver.mapper.MetricsOtlpMapperTest" time="0.0"/>
  <testcase name="shouldFanOutHistogramIntoHistogramTable" classname="org.dreamhorizon.pulses3archiver.mapper.MetricsOtlpMapperTest" time="0.003"/>
</testsuite>